RMG initialization ... 1 image(s) total, 1 per node. 8 MPI processes/image. Thread level 2.


                     * * * * * * * * * *
                     *    R   M   G    *
                     * * * * * * * * * *

     -- A Real Space Multigrid Electronic structure code --
     --      More information at www.rmgdft.org          --

Code Revision:     v4.0.0_beta_1183_gadf7661a
Build Date:        May 21 2022  07:34:42
Start time:        Sat May 21 19:20:49 2022

NOTICE: RMG internal pseudopotentials have switched to
ONCVP from Ultrasoft. You can revert to Ultrasoft by
adding the input tag internal_pseudo_type="ultrasoft" to
your input files.


Files
   Control input file:        C60.rmg
   Data output file:          Waves/wave.out

Run Setup
    Calculation type:         Quench electrons - Fixed ions SCF calculation
    Description:              xyz_files/C60.xyz
    Orbital Initialization:   LCAO (240 LCAO and 0 random orbitals)
    Exchange Correlation:     pbe
    Spin Polarization:        OFF
    System charge:            Neutral

Processor Topology
   Total PEs:                 8
   X direction:               2
   Y direction:               2
   Z direction:               2
   MG Threads/PE:             1
   OMP Threads/PE:            1

Grid Points
    X:  Total: 48   Per PE: 24   Spacing:0.375 a0  
    Y:  Total: 48   Per PE: 24   Spacing:0.375 a0  
    Z:  Total: 48   Per PE: 24   Spacing:0.375 a0  

    Equivalent energy cutoffs (psi,rho):    52.638    210.552 Ry

    Charge density grid:         2 times finer


Lattice (Cell) Setup
    Type:                       Cubic_primitive
    Volume (a0^3):               5832.00
    Boundary conditions:        Periodic

    X Basis Vector:      18.000       0.000       0.000 a0
    Y Basis Vector:       0.000      18.000       0.000 a0
    Z Basis Vector:       0.000       0.000      18.000 a0
    X Reci Vector:       0.056      -0.000       0.000 a0
    Y Reci Vector:       0.000       0.056       0.000 a0
    Z Reci Vector:       0.000      -0.000       0.056 a0

K-points
    Gamma Point Only (real orbitals)

Atoms and States
    Number of ions:                          60
    Number of species:                       1
    Number of states:                        130

Run Parameters
    SCF Convergence criterion (potential):   1.00e-07
    SCF Convergence criterion (energy):      1.00e-10
    Max SCF steps:                           500

SCF Cycle Settings
    Charge density mixing:                   Pulay  (Order:5 Scale:0.50 Refresh:100)
    Hartree Solver:                          PFFT
    Interpolation type:                      FFT

Subspace Diagonalization Options
    Frequency:                               every 1 SCF step(s)
    Driver:                                  ScaLapack
    Initial diagonalization:                 ON
    Folded spectrum:                         OFF

Filtering Cutoff  Parameters
    Wavefunction grid (cparm):               0.800
    Charge density grid (rhocparm):          1.000
    Filter factor:                           0.250

Multigrid (MG) Parameters
    Psi MG levels:                           3
    Psi global step:                         0.660 
    Psi pre:                                 2
    Psi post:                                2

Davidson Parameters
    Davidson multiplier:                     4
    Davidson max step:                       8
    Davidson unocc tol factor:               1000.000

Blas Libraries
    CPU support with openblas-parallel.


Atomic Species Information
(PP = Pseudopotential, US = Ultrasoft, NC = Norm Conserving)
-------------------------------------------------------------------------
|Index|Symbol| Mass|Valence| PP |  Comp  |Local| Local|Nlocal|    PP    |
|     |      |     |       |Type|Gaussian|  l  |Radius|Radius|Functional|
-------------------------------------------------------------------------
|    1|     C| 12.0|   4.00|  NC|    0.66|   -1|  8.34|  5.81|       PBE|
-------------------------------------------------------------------------

Pseudopotential generation information:
   C pseudopotential file: ./@Internal
      Generation info     : Generated using ONCVPSP code by D. R. Hamann
      Author info         : anonymous


Memory usage (Mbytes):     Min        Max       Total
    wave functions         57.51      57.51     460.07
    beta-functions         49.55      53.09     404.33



Initial Ionic Positions And Displacements (Bohr)
Species      X           Y           Z           dX          dY          dZ
  C       12.3293      9.9600     16.2070      0.0000      0.0000      0.0000
  C       14.5363      9.9600     14.7857      0.0000      0.0000      0.0000
  C       10.7313     12.1732     16.2251      0.0000      0.0000      0.0000
  C       11.4083     14.2893     14.8251      0.0000      0.0000      0.0000
  C        8.1292     11.3262     16.2527      0.0000      0.0000      0.0000
  C        6.3055     12.6378     14.8881      0.0000      0.0000      0.0000
  C        8.1292      8.5939     16.2527      0.0000      0.0000      0.0000
  C        6.3055      7.2823     14.8881      0.0000      0.0000      0.0000
  C       10.7313      7.7469     16.2251      0.0000      0.0000      0.0000
  C       11.4083      5.6308     14.8251      0.0000      0.0000      0.0000
  C       15.2386     12.1636     13.3387      0.0000      0.0000      0.0000
  C       13.7171     14.2920     13.3627      0.0000      0.0000      0.0000
  C       15.2386      7.7565     13.3387      0.0000      0.0000      0.0000
  C       13.7170      5.6281     13.3627      0.0000      0.0000      0.0000
  C       16.3641     11.3200     10.9962      0.0000      0.0000      0.0000
  C       15.9522     12.6335      8.7652      0.0000      0.0000      0.0000
  C       16.3641      8.6000     10.9962      0.0000      0.0000      0.0000
  C       15.9522      7.2865      8.7652      0.0000      0.0000      0.0000
  C        9.5141     15.6398     13.4036      0.0000      0.0000      0.0000
  C        7.0138     14.8435     13.4390      0.0000      0.0000      0.0000
  C       13.2562     15.6408     11.0355      0.0000      0.0000      0.0000
  C       14.3583     14.8445      8.7869      0.0000      0.0000      0.0000
  C       10.6568     16.4834     11.0698      0.0000      0.0000      0.0000
  C        9.2629     16.4836      8.8500      0.0000      0.0000      0.0000
  C        4.4102     11.2728     13.4751      0.0000      0.0000      0.0000
  C        4.4102      8.6472     13.4751      0.0000      0.0000      0.0000
  C        5.5614     14.8446     11.1329      0.0000      0.0000      0.0000
  C        6.6634     15.6411      8.8843      0.0000      0.0000      0.0000
  C        3.9677     12.6335     11.1547      0.0000      0.0000      0.0000
  C        3.5558     11.3200      8.9237      0.0000      0.0000      0.0000
  C        7.0138      5.0765     13.4390      0.0000      0.0000      0.0000
  C        9.5141      4.2802     13.4036      0.0000      0.0000      0.0000
  C        3.9677      7.2865     11.1547      0.0000      0.0000      0.0000
  C        3.5558      8.6000      8.9237      0.0000      0.0000      0.0000
  C        5.5614      5.0754     11.1329      0.0000      0.0000      0.0000
  C        6.6635      4.2790      8.8844      0.0000      0.0000      0.0000
  C       10.6568      3.4367     11.0698      0.0000      0.0000      0.0000
  C        9.2629      3.4364      8.8500      0.0000      0.0000      0.0000
  C       13.2562      4.2793     11.0355      0.0000      0.0000      0.0000
  C       14.3583      5.0755      8.7869      0.0000      0.0000      0.0000
  C       12.9060     14.8435      6.4808      0.0000      0.0000      0.0000
  C       10.4057     15.6398      6.5163      0.0000      0.0000      0.0000
  C       15.5097     11.2728      6.4447      0.0000      0.0000      0.0000
  C       15.5097      8.6472      6.4447      0.0000      0.0000      0.0000
  C       13.6144     12.6378      5.0317      0.0000      0.0000      0.0000
  C       11.7907     11.3262      3.6672      0.0000      0.0000      0.0000
  C        6.2027     14.2921      6.5572      0.0000      0.0000      0.0000
  C        4.6813     12.1636      6.5812      0.0000      0.0000      0.0000
  C        8.5115     14.2892      5.0948      0.0000      0.0000      0.0000
  C        9.1885     12.1732      3.6948      0.0000      0.0000      0.0000
  C        4.6813      7.7564      6.5812      0.0000      0.0000      0.0000
  C        6.2027      5.6279      6.5572      0.0000      0.0000      0.0000
  C        5.3836      9.9600      5.1343      0.0000      0.0000      0.0000
  C        7.5906      9.9600      3.7129      0.0000      0.0000      0.0000
  C       10.4057      4.2802      6.5163      0.0000      0.0000      0.0000
  C       12.9060      5.0765      6.4808      0.0000      0.0000      0.0000
  C        8.5115      5.6308      5.0948      0.0000      0.0000      0.0000
  C        9.1885      7.7468      3.6948      0.0000      0.0000      0.0000
  C       13.6144      7.2823      5.0317      0.0000      0.0000      0.0000
  C       11.7907      8.5939      3.6672      0.0000      0.0000      0.0000


Initial Ionic Positions And Displacements (Angstrom)
Species      X           Y           Z           dX          dY          dZ
  C        6.5244      5.2706      8.5764      0.0000      0.0000      0.0000
  C        7.6923      5.2706      7.8243      0.0000      0.0000      0.0000
  C        5.6788      6.4418      8.5860      0.0000      0.0000      0.0000
  C        6.0370      7.5616      7.8451      0.0000      0.0000      0.0000
  C        4.3018      5.9936      8.6006      0.0000      0.0000      0.0000
  C        3.3367      6.6876      7.8784      0.0000      0.0000      0.0000
  C        4.3018      4.5477      8.6006      0.0000      0.0000      0.0000
  C        3.3367      3.8536      7.8784      0.0000      0.0000      0.0000
  C        5.6788      4.0995      8.5860      0.0000      0.0000      0.0000
  C        6.0370      2.9797      7.8451      0.0000      0.0000      0.0000
  C        8.0639      6.4367      7.0585      0.0000      0.0000      0.0000
  C        7.2588      7.5630      7.0712      0.0000      0.0000      0.0000
  C        8.0639      4.1046      7.0585      0.0000      0.0000      0.0000
  C        7.2587      2.9783      7.0712      0.0000      0.0000      0.0000
  C        8.6595      5.9903      5.8189      0.0000      0.0000      0.0000
  C        8.4415      6.6854      4.6383      0.0000      0.0000      0.0000
  C        8.6595      4.5509      5.8189      0.0000      0.0000      0.0000
  C        8.4415      3.8558      4.6383      0.0000      0.0000      0.0000
  C        5.0346      8.2762      7.0929      0.0000      0.0000      0.0000
  C        3.7115      7.8548      7.1116      0.0000      0.0000      0.0000
  C        7.0149      8.2768      5.8397      0.0000      0.0000      0.0000
  C        7.5981      7.8554      4.6498      0.0000      0.0000      0.0000
  C        5.6393      8.7226      5.8579      0.0000      0.0000      0.0000
  C        4.9017      8.7227      4.6832      0.0000      0.0000      0.0000
  C        2.3338      5.9653      7.1307      0.0000      0.0000      0.0000
  C        2.3338      4.5759      7.1307      0.0000      0.0000      0.0000
  C        2.9430      7.8554      5.8913      0.0000      0.0000      0.0000
  C        3.5261      8.2769      4.7014      0.0000      0.0000      0.0000
  C        2.0996      6.6854      5.9028      0.0000      0.0000      0.0000
  C        1.8816      5.9903      4.7222      0.0000      0.0000      0.0000
  C        3.7115      2.6864      7.1116      0.0000      0.0000      0.0000
  C        5.0346      2.2650      7.0929      0.0000      0.0000      0.0000
  C        2.0996      3.8558      5.9028      0.0000      0.0000      0.0000
  C        1.8816      4.5509      4.7222      0.0000      0.0000      0.0000
  C        2.9430      2.6858      5.8913      0.0000      0.0000      0.0000
  C        3.5262      2.2643      4.7014      0.0000      0.0000      0.0000
  C        5.6393      1.8186      5.8579      0.0000      0.0000      0.0000
  C        4.9017      1.8185      4.6832      0.0000      0.0000      0.0000
  C        7.0149      2.2645      5.8397      0.0000      0.0000      0.0000
  C        7.5981      2.6858      4.6498      0.0000      0.0000      0.0000
  C        6.8296      7.8548      3.4295      0.0000      0.0000      0.0000
  C        5.5065      8.2762      3.4483      0.0000      0.0000      0.0000
  C        8.2074      5.9653      3.4104      0.0000      0.0000      0.0000
  C        8.2074      4.5759      3.4104      0.0000      0.0000      0.0000
  C        7.2044      6.6876      2.6627      0.0000      0.0000      0.0000
  C        6.2394      5.9936      1.9406      0.0000      0.0000      0.0000
  C        3.2823      7.5631      3.4699      0.0000      0.0000      0.0000
  C        2.4772      6.4367      3.4826      0.0000      0.0000      0.0000
  C        4.5041      7.5615      2.6961      0.0000      0.0000      0.0000
  C        4.8623      6.4418      1.9552      0.0000      0.0000      0.0000
  C        2.4772      4.1045      3.4826      0.0000      0.0000      0.0000
  C        3.2823      2.9782      3.4699      0.0000      0.0000      0.0000
  C        2.8489      5.2706      2.7170      0.0000      0.0000      0.0000
  C        4.0168      5.2706      1.9648      0.0000      0.0000      0.0000
  C        5.5065      2.2650      3.4483      0.0000      0.0000      0.0000
  C        6.8296      2.6864      3.4295      0.0000      0.0000      0.0000
  C        4.5041      2.9797      2.6961      0.0000      0.0000      0.0000
  C        4.8623      4.0994      1.9552      0.0000      0.0000      0.0000
  C        7.2044      3.8536      2.6627      0.0000      0.0000      0.0000
  C        6.2394      4.5477      1.9406      0.0000      0.0000      0.0000

Diagonalization using scalapack for step=0  count=1



KOHN SHAM EIGENVALUES [eV] AT K-POINT [  0]:       0.000000      0.000000      0.000000

[kpt   0  -1   0]   -21.0486 [2.000]   -20.6356 [2.000]   -20.6162 [2.000]   -20.6120 [2.000]   -19.8528 [2.000]
[kpt   0  -1   1]   -19.8463 [2.000]   -19.7948 [2.000]   -19.7873 [2.000]   -19.7666 [2.000]   -18.9136 [2.000]
[kpt   0  -1   2]   -18.8964 [2.000]   -18.8784 [2.000]   -18.0042 [2.000]   -17.9911 [2.000]   -17.9774 [2.000]
[kpt   0  -1   3]   -17.9658 [2.000]   -16.8996 [2.000]   -16.8158 [2.000]   -16.8125 [2.000]   -16.7991 [2.000]
[kpt   0  -1   4]   -16.7904 [2.000]   -16.4603 [2.000]   -16.4159 [2.000]   -16.4038 [2.000]   -16.3819 [2.000]
[kpt   0  -1   5]   -15.2208 [2.000]   -15.2121 [2.000]   -15.1740 [2.000]   -15.1600 [2.000]   -15.1452 [2.000]
[kpt   0  -1   6]   -14.6114 [2.000]   -14.6042 [2.000]   -14.5709 [2.000]   -13.3654 [2.000]   -13.3429 [2.000]
[kpt   0  -1   7]   -13.3132 [2.000]   -12.7896 [2.000]   -12.7470 [2.000]   -12.7413 [2.000]   -12.7371 [2.000]
[kpt   0  -1   8]   -12.7363 [2.000]   -12.7209 [2.000]   -12.7007 [2.000]   -12.6414 [2.000]   -11.8738 [2.000]
[kpt   0  -1   9]   -10.8067 [2.000]   -10.7653 [2.000]   -10.7217 [2.000]   -10.7145 [2.000]   -10.5695 [2.000]
[kpt   0  -1  10]   -10.5601 [2.000]   -10.5389 [2.000]   -10.5152 [2.000]   -10.4952 [2.000]   -10.1631 [2.000]
[kpt   0  -1  11]   -10.1617 [2.000]   -10.1219 [2.000]    -9.3866 [2.000]    -9.3483 [2.000]    -9.3209 [2.000]
[kpt   0  -1  12]    -8.7491 [2.000]    -8.7289 [2.000]    -8.7170 [2.000]    -8.6990 [2.000]    -8.5591 [2.000]
[kpt   0  -1  13]    -8.5541 [2.000]    -8.5382 [2.000]    -8.5139 [2.000]    -8.4889 [2.000]    -8.2294 [2.000]
[kpt   0  -1  14]    -8.2202 [2.000]    -8.2179 [2.000]    -8.1649 [2.000]    -7.8409 [2.000]    -7.8266 [2.000]
[kpt   0  -1  15]    -7.8035 [2.000]    -7.5883 [2.000]    -7.5742 [2.000]    -7.5633 [2.000]    -7.5616 [2.000]
[kpt   0  -1  16]    -7.4979 [2.000]    -7.0035 [2.000]    -6.9975 [2.000]    -6.9728 [2.000]    -6.9574 [2.000]
[kpt   0  -1  17]    -6.9141 [2.000]    -6.4154 [2.000]    -6.4076 [2.000]    -6.4035 [2.000]    -6.3474 [2.000]
[kpt   0  -1  18]    -6.3269 [2.000]    -6.2491 [2.000]    -6.2365 [2.000]    -6.2096 [2.000]    -6.1855 [2.000]
[kpt   0  -1  19]    -6.1784 [2.000]    -6.1708 [2.000]    -6.1483 [2.000]    -6.1421 [2.000]    -5.3581 [2.000]
[kpt   0  -1  20]    -5.2539 [2.000]    -4.9883 [2.000]    -4.9247 [2.000]    -4.9137 [2.000]    -4.6599 [2.000]
[kpt   0  -1  21]    -4.6122 [2.000]    -4.0199 [2.000]    -3.6130 [2.000]    -3.5108 [2.000]    -3.3909 [2.000]
[kpt   0  -1  22]    -3.3508 [2.000]    -3.2718 [2.000]    -2.9771 [2.000]    -2.9611 [2.000]    -2.8929 [2.000]
[kpt   0  -1  23]    -2.5023 [2.000]    -2.3898 [2.000]    -2.3567 [2.000]    -2.2721 [2.000]    -1.9430 [2.000]
[kpt   0  -1  24]    -0.7795 [0.000]    -0.5047 [0.000]    -0.4252 [0.000]     0.5694 [0.000]     0.8051 [0.000]
[kpt   0  -1  25]     1.0200 [0.000]     1.6450 [0.000]     1.8478 [0.000]     1.8572 [0.000]     1.8837 [0.000]
[kpt   0  -1  26]     1.9132 [0.000]     2.0915 [0.000]     2.2328 [0.000]     2.4233 [0.000]     3.0943 [0.000]
[kpt   0  -1  27]     3.2835 [0.000]     3.3471 [0.000]     3.4741 [0.000]     3.5784 [0.000]     3.8664 [0.000]
[kpt   0  -1  28]     4.0586 [0.000]     4.0656 [0.000]     4.2292 [0.000]     4.5696 [0.000]     4.9348 [0.000]
[kpt   0  -1  29]     4.9841 [0.000]     5.0239 [0.000]     5.0330 [0.000]     5.0664 [0.000]     5.6131 [0.000]
[kpt   0  -1  30]     7.0287 [0.000]     7.1406 [0.000]     7.1635 [0.000]     7.9840 [0.000]     8.0726 [0.000]
[kpt   0  -1  31]     8.1279 [0.000]     8.5524 [0.000]     8.6690 [0.000]     8.7724 [0.000]     8.8160 [0.000]
[kpt   0  -1  32]     8.9638 [0.000]    10.0183 [0.000]    10.0857 [0.000]    10.1501 [0.000]    10.2007 [0.000]
[kpt   0  -1  33]    10.8256 [0.000]    10.8845 [0.000]    10.8866 [0.000]    10.9194 [0.000]    10.9245 [0.000]
[kpt   0  -1  34]    10.9426 [0.000]    10.9685 [0.000]    11.1233 [0.000]    11.6607 [0.000]    11.7318 [0.000]
[kpt   0  -1  35]    11.8427 [0.000]    11.9473 [0.000]    12.1393 [0.000]    12.3045 [0.000]    12.3901 [0.000]
[kpt   0  -1  36]    12.4433 [0.000]    12.6338 [0.000]    12.7075 [0.000]    12.7596 [0.000]    12.7949 [0.000]
[kpt   0  -1  37]    14.0634 [0.000]    14.1042 [0.000]    14.1468 [0.000]    14.1888 [0.000]    14.2030 [0.000]
[kpt   0  -1  38]    14.2196 [0.000]    14.2456 [0.000]    14.4087 [0.000]    15.4364 [0.000]    15.5710 [0.000]
[kpt   0  -1  39]    15.6784 [0.000]    15.6911 [0.000]    15.7005 [0.000]    15.8432 [0.000]    16.0398 [0.000]
[kpt   0  -1  40]    16.0571 [0.000]    16.1221 [0.000]    16.1576 [0.000]    16.5952 [0.000]    16.6335 [0.000]
[kpt   0  -1  41]    16.6547 [0.000]    16.6855 [0.000]    16.8794 [0.000]    16.8891 [0.000]    16.9617 [0.000]
[kpt   0  -1  42]    17.1589 [0.000]    17.1737 [0.000]    17.2424 [0.000]    17.2595 [0.000]    17.2952 [0.000]
[kpt   0  -1  43]    17.3450 [0.000]    17.3673 [0.000]    17.3870 [0.000]    17.3996 [0.000]    17.4447 [0.000]
[kpt   0  -1  44]    18.9522 [0.000]    19.0238 [0.000]    19.0261 [0.000]    19.0481 [0.000]    19.0750 [0.000]
[kpt   0  -1  45]    19.0961 [0.000]    19.1019 [0.000]    19.1186 [0.000]    19.1251 [0.000]    19.1421 [0.000]
[kpt   0  -1  46]    19.1904 [0.000]    19.2039 [0.000]    19.6779 [0.000]    20.5521 [0.000]    20.5543 [0.000]
[kpt   0  -1  47]    20.6390 [0.000]    20.6425 [0.000]    20.8467 [0.000]    20.9248 [0.000]    20.9470 [0.000]



Charge density mixing: Linear with a constant of 0.50 

Diagonalization using scalapack for step=0  count=2


FERMI ENERGY =     -1.71166417 eV
@@ EIGENVALUE SUM     =      -97.923903 Ha
@@ ION_ION            =     -580.175386 Ha
@@ ELECTROSTATIC      =      306.124377 Ha
@@ VXC                =     -134.955598 Ha
@@ EXC                =     -123.935736 Ha
@@ TOTAL ENERGY       =     -360.955049 Ha
@@ estimated error    =   ****************
Charge density mixing: Linear with a constant of 0.50 

 charge density is NEGATIVE after interpolation, minimum is -2.083182e-04
 minimum charge density with core charge added is -2.071758e-04
WriteRestart: Restart file Waves/wave.out opened...
WriteData: total size of each of the 8 files = 5.4 Mb
WriteData: writing took 0.1 seconds, writing speed 78.519 Mbps 
WriteRestart: writing took 0.1 seconds 


KOHN SHAM EIGENVALUES [eV] AT K-POINT [  0]:       0.000000      0.000000      0.000000

[kpt   0   0   0]   -22.2916 [2.000]   -21.8063 [2.000]   -21.7229 [2.000]   -21.7209 [2.000]   -20.8804 [2.000]
[kpt   0   0   1]   -20.8788 [2.000]   -20.8693 [2.000]   -20.8216 [2.000]   -20.7819 [2.000]   -19.8895 [2.000]
[kpt   0   0   2]   -19.8494 [2.000]   -19.7725 [2.000]   -18.9567 [2.000]   -18.9364 [2.000]   -18.9153 [2.000]
[kpt   0   0   3]   -18.8211 [2.000]   -17.7673 [2.000]   -17.7124 [2.000]   -17.7057 [2.000]   -17.6699 [2.000]
[kpt   0   0   4]   -17.5697 [2.000]   -17.2455 [2.000]   -17.1937 [2.000]   -17.1893 [2.000]   -17.1298 [2.000]
[kpt   0   0   5]   -15.8258 [2.000]   -15.8132 [2.000]   -15.7449 [2.000]   -15.7420 [2.000]   -15.6984 [2.000]
[kpt   0   0   6]   -15.5235 [2.000]   -15.4646 [2.000]   -15.4348 [2.000]   -14.3521 [2.000]   -14.3319 [2.000]
[kpt   0   0   7]   -14.3036 [2.000]   -13.5539 [2.000]   -13.5349 [2.000]   -13.4866 [2.000]   -13.4730 [2.000]
[kpt   0   0   8]   -13.4493 [2.000]   -13.3009 [2.000]   -13.2534 [2.000]   -13.1378 [2.000]   -12.9789 [2.000]
[kpt   0   0   9]   -11.6181 [2.000]   -11.5634 [2.000]   -11.5491 [2.000]   -11.5107 [2.000]   -11.1178 [2.000]
[kpt   0   0  10]   -11.0897 [2.000]   -11.0741 [2.000]   -11.0409 [2.000]   -11.0129 [2.000]   -10.8504 [2.000]
[kpt   0   0  11]   -10.8199 [2.000]   -10.7976 [2.000]   -10.1166 [2.000]   -10.0683 [2.000]   -10.0566 [2.000]
[kpt   0   0  12]    -9.4016 [2.000]    -9.3709 [2.000]    -9.3000 [2.000]    -9.2796 [2.000]    -9.1508 [2.000]
[kpt   0   0  13]    -9.1190 [2.000]    -9.1028 [2.000]    -9.0715 [2.000]    -9.0575 [2.000]    -8.8599 [2.000]
[kpt   0   0  14]    -8.7310 [2.000]    -8.7068 [2.000]    -8.6984 [2.000]    -8.6660 [2.000]    -8.3235 [2.000]
[kpt   0   0  15]    -8.3018 [2.000]    -8.2837 [2.000]    -8.1190 [2.000]    -8.0715 [2.000]    -8.0449 [2.000]
[kpt   0   0  16]    -7.9591 [2.000]    -7.9082 [2.000]    -7.8506 [2.000]    -7.8435 [2.000]    -7.6769 [2.000]
[kpt   0   0  17]    -7.6367 [2.000]    -6.9978 [2.000]    -6.9923 [2.000]    -6.9471 [2.000]    -6.8648 [2.000]
[kpt   0   0  18]    -6.8512 [2.000]    -6.8260 [2.000]    -6.8191 [2.000]    -6.7927 [2.000]    -6.6380 [2.000]
[kpt   0   0  19]    -6.6293 [2.000]    -6.5887 [2.000]    -6.5773 [2.000]    -6.5310 [2.000]    -5.9324 [2.000]
[kpt   0   0  20]    -5.8032 [2.000]    -5.4902 [2.000]    -5.4320 [2.000]    -5.4283 [2.000]    -5.1568 [2.000]
[kpt   0   0  21]    -5.0264 [2.000]    -4.4050 [2.000]    -4.0465 [2.000]    -3.9172 [2.000]    -3.8171 [2.000]
[kpt   0   0  22]    -3.7980 [2.000]    -3.6732 [2.000]    -3.3544 [2.000]    -3.3326 [2.000]    -3.2159 [2.000]
[kpt   0   0  23]    -2.8450 [2.000]    -2.7422 [2.000]    -2.6728 [2.000]    -2.6108 [2.000]    -2.2449 [2.000]
[kpt   0   0  24]    -1.1784 [0.000]    -0.8902 [0.000]    -0.8583 [0.000]     0.1624 [0.000]     0.4132 [0.000]
[kpt   0   0  25]     0.6638 [0.000]     1.1490 [0.000]     1.2969 [0.000]     1.3122 [0.000]     1.3661 [0.000]




Total charge in supercell =     240.00000000
 quench: [md:   0/100  scf:   0/500  step time:   0.98  scf time:     1.32 secs  RMS[dV]: 1.80e-02 ]


average potential <V> = 2.26e-17

Diagonalization using scalapack for step=1  count=3


FERMI ENERGY =     -0.32356167 eV
@@ EIGENVALUE SUM     =      -82.367407 Ha
@@ ION_ION            =     -580.175386 Ha
@@ ELECTROSTATIC      =      290.369733 Ha
@@ VXC                =     -137.802377 Ha
@@ EXC                =     -126.206616 Ha
@@ TOTAL ENERGY       =     -360.577299 Ha
@@ estimated error    =        1.29e+00 Ha
Charge density mixing: Linear with a constant of 0.50 

 charge density is NEGATIVE after interpolation, minimum is -6.139728e-04
 minimum charge density with core charge added is -6.131604e-04
 quench: [md:   0/100  scf:   1/500  step time:   0.98  scf time:     2.30 secs  RMS[dV]: 5.42e-02 ]


average potential <V> = 2.01e-16

Diagonalization using scalapack for step=2  count=4


FERMI ENERGY =      0.65164909 eV
@@ EIGENVALUE SUM     =      -71.327160 Ha
@@ ION_ION            =     -580.175386 Ha
@@ ELECTROSTATIC      =      279.181392 Ha
@@ VXC                =     -140.274780 Ha
@@ EXC                =     -128.222496 Ha
@@ TOTAL ENERGY       =     -360.268870 Ha
@@ estimated error    =        7.52e-01 Ha
Charge density mixing: Linear with a constant of 0.50 

 charge density is NEGATIVE after interpolation, minimum is -9.859809e-04
 minimum charge density with core charge added is -9.851397e-04
 quench: [md:   0/100  scf:   2/500  step time:   0.97  scf time:     3.27 secs  RMS[dV]: 3.92e-02 ]


average potential <V> = 9.25e-17

Diagonalization using scalapack for step=3  count=5


FERMI ENERGY =      0.93734411 eV
@@ EIGENVALUE SUM     =      -67.551425 Ha
@@ ION_ION            =     -580.175386 Ha
@@ ELECTROSTATIC      =      275.151616 Ha
@@ VXC                =     -141.381183 Ha
@@ EXC                =     -129.132353 Ha
@@ TOTAL ENERGY       =     -360.326364 Ha
@@ estimated error    =        1.46e-01 Ha
Charge density mixing: Linear with a constant of 0.50 

 charge density is NEGATIVE after interpolation, minimum is -1.082105e-03
 minimum charge density with core charge added is -1.081264e-03
 quench: [md:   0/100  scf:   3/500  step time:   0.97  scf time:     4.24 secs  RMS[dV]: 1.81e-02 ]


average potential <V> = 2.06e-18
Davidson converged in 6 steps

FERMI ENERGY =      0.89425578 eV
@@ EIGENVALUE SUM     =      -67.818826 Ha
@@ ION_ION            =     -580.175386 Ha
@@ ELECTROSTATIC      =      275.325292 Ha
@@ VXC                =     -141.480736 Ha
@@ EXC                =     -129.210366 Ha
@@ TOTAL ENERGY       =     -360.398550 Ha
@@ estimated error    =        8.04e-03 Ha
Charge density mixing: Pulay

 charge density is NEGATIVE after interpolation, minimum is -9.730855e-04
 minimum charge density with core charge added is -9.722443e-04
 quench: [md:   0/100  scf:   4/500  step time:   2.38  scf time:     6.62 secs  RMS[dV]: 6.59e-03 ]


average potential <V> = -2.01e-16
Davidson converged in 2 steps

FERMI ENERGY =      0.59783764 eV
@@ EIGENVALUE SUM     =      -70.788123 Ha
@@ ION_ION            =     -580.175386 Ha
@@ ELECTROSTATIC      =      278.393538 Ha
@@ VXC                =     -140.913334 Ha
@@ EXC                =     -128.727889 Ha
@@ TOTAL ENERGY       =     -360.384526 Ha
@@ estimated error    =        4.14e-02 Ha
Charge density mixing: Pulay

 charge density is NEGATIVE after interpolation, minimum is -9.668988e-04
 minimum charge density with core charge added is -9.660576e-04
WriteRestart: Restart file Waves/wave.out opened...
WriteData: total size of each of the 8 files = 5.4 Mb
WriteData: writing took 0.1 seconds, writing speed 78.028 Mbps 
WriteRestart: writing took 0.1 seconds 


KOHN SHAM EIGENVALUES [eV] AT K-POINT [  0]:       0.000000      0.000000      0.000000

[kpt   0   5   0]   -19.0701 [2.000]   -18.5135 [2.000]   -18.5026 [2.000]   -18.4925 [2.000]   -17.7055 [2.000]
[kpt   0   5   1]   -17.6645 [2.000]   -17.5648 [2.000]   -17.5468 [2.000]   -17.5374 [2.000]   -16.5486 [2.000]
[kpt   0   5   2]   -16.5370 [2.000]   -16.4871 [2.000]   -15.7183 [2.000]   -15.7086 [2.000]   -15.6766 [2.000]
[kpt   0   5   3]   -15.6604 [2.000]   -14.5672 [2.000]   -14.4044 [2.000]   -14.3935 [2.000]   -14.3889 [2.000]
[kpt   0   5   4]   -14.2935 [2.000]   -14.0198 [2.000]   -13.9316 [2.000]   -13.8960 [2.000]   -13.8417 [2.000]
[kpt   0   5   5]   -12.4729 [2.000]   -12.4487 [2.000]   -12.4183 [2.000]   -12.3885 [2.000]   -12.3343 [2.000]
[kpt   0   5   6]   -12.2495 [2.000]   -12.1684 [2.000]   -12.1421 [2.000]   -11.1344 [2.000]   -11.1036 [2.000]
[kpt   0   5   7]   -11.0768 [2.000]   -10.2372 [2.000]   -10.1656 [2.000]   -10.1263 [2.000]   -10.0956 [2.000]
[kpt   0   5   8]    -9.9964 [2.000]    -9.9274 [2.000]    -9.8850 [2.000]    -9.8136 [2.000]    -9.6157 [2.000]
[kpt   0   5   9]    -8.4248 [2.000]    -8.3720 [2.000]    -8.3662 [2.000]    -8.3006 [2.000]    -7.7268 [2.000]
[kpt   0   5  10]    -7.6824 [2.000]    -7.6597 [2.000]    -7.6311 [2.000]    -7.5908 [2.000]    -7.3912 [2.000]
[kpt   0   5  11]    -7.3460 [2.000]    -7.3422 [2.000]    -7.1836 [2.000]    -6.7580 [2.000]    -6.7366 [2.000]
[kpt   0   5  12]    -6.7201 [2.000]    -6.1116 [2.000]    -6.0540 [2.000]    -6.0378 [2.000]    -6.0109 [2.000]
[kpt   0   5  13]    -5.8878 [2.000]    -5.8753 [2.000]    -5.8740 [2.000]    -5.8245 [2.000]    -5.7321 [2.000]
[kpt   0   5  14]    -5.5845 [2.000]    -5.5658 [2.000]    -5.5603 [2.000]    -5.5021 [2.000]    -5.5008 [2.000]
[kpt   0   5  15]    -5.1843 [2.000]    -5.1636 [2.000]    -5.1247 [2.000]    -5.0864 [2.000]    -4.9647 [2.000]
[kpt   0   5  16]    -4.9054 [2.000]    -4.8957 [2.000]    -4.8152 [2.000]    -4.7872 [2.000]    -4.7656 [2.000]
[kpt   0   5  17]    -4.4388 [2.000]    -4.4209 [2.000]    -4.4026 [2.000]    -4.3224 [2.000]    -3.8526 [2.000]
[kpt   0   5  18]    -3.6369 [2.000]    -3.4050 [2.000]    -3.3562 [2.000]    -3.3465 [2.000]    -3.3385 [2.000]
[kpt   0   5  19]    -3.3058 [2.000]    -3.2922 [2.000]    -3.2723 [2.000]    -3.2213 [2.000]    -3.0644 [2.000]
[kpt   0   5  20]    -3.0537 [2.000]    -3.0395 [2.000]    -3.0115 [2.000]    -2.9932 [2.000]    -2.8863 [2.000]
[kpt   0   5  21]    -2.8410 [2.000]    -2.2309 [2.000]    -1.8296 [2.000]    -1.7589 [2.000]    -1.5438 [2.000]
[kpt   0   5  22]    -1.5147 [2.000]    -1.3668 [2.000]    -0.8970 [2.000]    -0.8850 [2.000]    -0.8257 [2.000]
[kpt   0   5  23]    -0.5272 [2.000]    -0.3783 [2.000]    -0.2995 [2.000]    -0.2162 [2.000]     0.1717 [2.000]
[kpt   0   5  24]     1.0240 [0.000]     1.3627 [0.000]     1.4958 [0.000]     2.5315 [0.000]     2.8216 [0.000]
[kpt   0   5  25]     3.0886 [0.000]     3.1566 [0.000]     3.2780 [0.000]     3.4033 [0.000]     3.5038 [0.000]




Total charge in supercell =     240.00000000
 quench: [md:   0/100  scf:   5/500  step time:   1.08  scf time:     7.78 secs  RMS[dV]: 1.15e-02 ]


average potential <V> = 2.63e-16
Davidson converged in 5 steps

FERMI ENERGY =      0.66183920 eV
@@ EIGENVALUE SUM     =      -70.582469 Ha
@@ ION_ION            =     -580.175386 Ha
@@ ELECTROSTATIC      =      278.194023 Ha
@@ VXC                =     -140.810232 Ha
@@ EXC                =     -128.631153 Ha
@@ TOTAL ENERGY       =     -360.384754 Ha
@@ estimated error    =        5.12e-03 Ha
Charge density mixing: Pulay

 charge density is NEGATIVE after interpolation, minimum is -9.627907e-04
 minimum charge density with core charge added is -9.619495e-04
 quench: [md:   0/100  scf:   6/500  step time:   1.39  scf time:     9.17 secs  RMS[dV]: 3.89e-03 ]


average potential <V> = -2.67e-16
Davidson converged in 5 steps

FERMI ENERGY =      0.59198676 eV
@@ EIGENVALUE SUM     =      -70.871486 Ha
@@ ION_ION            =     -580.175386 Ha
@@ ELECTROSTATIC      =      278.487263 Ha
@@ VXC                =     -140.781766 Ha
@@ EXC                =     -128.606162 Ha
@@ TOTAL ENERGY       =     -360.384004 Ha
@@ estimated error    =        5.85e-03 Ha
Charge density mixing: Pulay

 charge density is NEGATIVE after interpolation, minimum is -9.641353e-04
 minimum charge density with core charge added is -9.632941e-04
 quench: [md:   0/100  scf:   7/500  step time:   1.19  scf time:    10.36 secs  RMS[dV]: 8.49e-03 ]


average potential <V> = -3.39e-16
Davidson converged in 5 steps

FERMI ENERGY =      0.60387739 eV
@@ EIGENVALUE SUM     =      -70.935818 Ha
@@ ION_ION            =     -580.175386 Ha
@@ ELECTROSTATIC      =      278.551826 Ha
@@ VXC                =     -140.778102 Ha
@@ EXC                =     -128.602451 Ha
@@ TOTAL ENERGY       =     -360.383727 Ha
@@ estimated error    =        1.80e-03 Ha
Charge density mixing: Pulay

 charge density is NEGATIVE after interpolation, minimum is -9.697992e-04
 minimum charge density with core charge added is -9.689580e-04
 quench: [md:   0/100  scf:   8/500  step time:   1.05  scf time:    11.41 secs  RMS[dV]: 5.28e-03 ]


average potential <V> = 2.28e-16
Davidson converged in 5 steps

FERMI ENERGY =      0.60672732 eV
@@ EIGENVALUE SUM     =      -70.884884 Ha
@@ ION_ION            =     -580.175386 Ha
@@ ELECTROSTATIC      =      278.498796 Ha
@@ VXC                =     -140.786282 Ha
@@ EXC                =     -128.608564 Ha
@@ TOTAL ENERGY       =     -360.383756 Ha
@@ estimated error    =        2.40e-05 Ha
Charge density mixing: Pulay

 charge density is NEGATIVE after interpolation, minimum is -9.702522e-04
 minimum charge density with core charge added is -9.694109e-04
 quench: [md:   0/100  scf:   9/500  step time:   1.95  scf time:    13.35 secs  RMS[dV]: 5.33e-04 ]


average potential <V> = -2.10e-16
Davidson converged in 5 steps

FERMI ENERGY =      0.60839966 eV
@@ EIGENVALUE SUM     =      -70.878893 Ha
@@ ION_ION            =     -580.175386 Ha
@@ ELECTROSTATIC      =      278.492868 Ha
@@ VXC                =     -140.786204 Ha
@@ EXC                =     -128.608543 Ha
@@ TOTAL ENERGY       =     -360.383750 Ha
@@ estimated error    =        3.74e-05 Ha
Charge density mixing: Pulay

 charge density is NEGATIVE after interpolation, minimum is -9.717577e-04
 minimum charge density with core charge added is -9.709165e-04
WriteRestart: Restart file Waves/wave.out opened...
WriteData: total size of each of the 8 files = 5.4 Mb
WriteData: writing took 0.1 seconds, writing speed 78.261 Mbps 
WriteRestart: writing took 0.1 seconds 


KOHN SHAM EIGENVALUES [eV] AT K-POINT [  0]:       0.000000      0.000000      0.000000

[kpt   0  10   0]   -19.0565 [2.000]   -18.5137 [2.000]   -18.4856 [2.000]   -18.4736 [2.000]   -17.6904 [2.000]
[kpt   0  10   1]   -17.6589 [2.000]   -17.5639 [2.000]   -17.5578 [2.000]   -17.5111 [2.000]   -16.5437 [2.000]
[kpt   0  10   2]   -16.5342 [2.000]   -16.4821 [2.000]   -15.7187 [2.000]   -15.7125 [2.000]   -15.6965 [2.000]
[kpt   0  10   3]   -15.6360 [2.000]   -14.5672 [2.000]   -14.4093 [2.000]   -14.4034 [2.000]   -14.3947 [2.000]
[kpt   0  10   4]   -14.2856 [2.000]   -14.0292 [2.000]   -13.9402 [2.000]   -13.9050 [2.000]   -13.8471 [2.000]
[kpt   0  10   5]   -12.4911 [2.000]   -12.4660 [2.000]   -12.4240 [2.000]   -12.4071 [2.000]   -12.3341 [2.000]
[kpt   0  10   6]   -12.2622 [2.000]   -12.1751 [2.000]   -12.1542 [2.000]   -11.1397 [2.000]   -11.1207 [2.000]
[kpt   0  10   7]   -11.0862 [2.000]   -10.2316 [2.000]   -10.2027 [2.000]   -10.1439 [2.000]   -10.1149 [2.000]
[kpt   0  10   8]   -10.0256 [2.000]    -9.9422 [2.000]    -9.9156 [2.000]    -9.8119 [2.000]    -9.6305 [2.000]
[kpt   0  10   9]    -8.4452 [2.000]    -8.3896 [2.000]    -8.3878 [2.000]    -8.2998 [2.000]    -7.7517 [2.000]
[kpt   0  10  10]    -7.6975 [2.000]    -7.6801 [2.000]    -7.6550 [2.000]    -7.6146 [2.000]    -7.4186 [2.000]
[kpt   0  10  11]    -7.3673 [2.000]    -7.3588 [2.000]    -7.1725 [2.000]    -6.7744 [2.000]    -6.7558 [2.000]
[kpt   0  10  12]    -6.7442 [2.000]    -6.1280 [2.000]    -6.0790 [2.000]    -6.0563 [2.000]    -6.0316 [2.000]
[kpt   0  10  13]    -5.8957 [2.000]    -5.8743 [2.000]    -5.8539 [2.000]    -5.7940 [2.000]    -5.7499 [2.000]
[kpt   0  10  14]    -5.6097 [2.000]    -5.5909 [2.000]    -5.5783 [2.000]    -5.5298 [2.000]    -5.5205 [2.000]
[kpt   0  10  15]    -5.2101 [2.000]    -5.1869 [2.000]    -5.1560 [2.000]    -5.1136 [2.000]    -4.9823 [2.000]
[kpt   0  10  16]    -4.9306 [2.000]    -4.9201 [2.000]    -4.8115 [2.000]    -4.8054 [2.000]    -4.7478 [2.000]
[kpt   0  10  17]    -4.4763 [2.000]    -4.4444 [2.000]    -4.4349 [2.000]    -4.3403 [2.000]    -3.8476 [2.000]
[kpt   0  10  18]    -3.6390 [2.000]    -3.4121 [2.000]    -3.3937 [2.000]    -3.3562 [2.000]    -3.3488 [2.000]
[kpt   0  10  19]    -3.3386 [2.000]    -3.3257 [2.000]    -3.2721 [2.000]    -3.2173 [2.000]    -3.0939 [2.000]
[kpt   0  10  20]    -3.0938 [2.000]    -3.0507 [2.000]    -3.0499 [2.000]    -3.0044 [2.000]    -2.9055 [2.000]
[kpt   0  10  21]    -2.8201 [2.000]    -2.2098 [2.000]    -1.8498 [2.000]    -1.7460 [2.000]    -1.5492 [2.000]
[kpt   0  10  22]    -1.5184 [2.000]    -1.3749 [2.000]    -0.9147 [2.000]    -0.9029 [2.000]    -0.8072 [2.000]
[kpt   0  10  23]    -0.5261 [2.000]    -0.3920 [2.000]    -0.2905 [2.000]    -0.2360 [2.000]     0.1914 [2.000]
[kpt   0  10  24]     1.0254 [0.000]     1.3517 [0.000]     1.4753 [0.000]     2.5148 [0.000]     2.7952 [0.000]
[kpt   0  10  25]     3.0879 [0.000]     3.1537 [0.000]     3.2600 [0.000]     3.3668 [0.000]     3.4845 [0.000]




Total charge in supercell =     240.00000000
 quench: [md:   0/100  scf:  10/500  step time:   1.29  scf time:    14.71 secs  RMS[dV]: 6.10e-04 ]


average potential <V> = -3.70e-17
Davidson converged in 4 steps

FERMI ENERGY =      0.60732342 eV
@@ EIGENVALUE SUM     =      -70.870248 Ha
@@ ION_ION            =     -580.175386 Ha
@@ ELECTROSTATIC      =      278.483987 Ha
@@ VXC                =     -140.787589 Ha
@@ EXC                =     -128.609680 Ha
@@ TOTAL ENERGY       =     -360.383738 Ha
@@ estimated error    =        3.67e-05 Ha
Charge density mixing: Pulay

 charge density is NEGATIVE after interpolation, minimum is -9.720419e-04
 minimum charge density with core charge added is -9.712006e-04
 quench: [md:   0/100  scf:  11/500  step time:   1.03  scf time:    15.74 secs  RMS[dV]: 7.51e-04 ]


average potential <V> = 1.69e-16
Davidson converged in 6 steps

FERMI ENERGY =      0.60748673 eV
@@ EIGENVALUE SUM     =      -70.873686 Ha
@@ ION_ION            =     -580.175386 Ha
@@ ELECTROSTATIC      =      278.487460 Ha
@@ VXC                =     -140.787436 Ha
@@ EXC                =     -128.609560 Ha
@@ TOTAL ENERGY       =     -360.383736 Ha
@@ estimated error    =        2.25e-06 Ha
Charge density mixing: Pulay

 charge density is NEGATIVE after interpolation, minimum is -9.720597e-04
 minimum charge density with core charge added is -9.712184e-04
 quench: [md:   0/100  scf:  12/500  step time:   1.32  scf time:    17.06 secs  RMS[dV]: 1.83e-04 ]


average potential <V> = -2.47e-17
Davidson converged in 5 steps

FERMI ENERGY =      0.60787082 eV
@@ EIGENVALUE SUM     =      -70.874629 Ha
@@ ION_ION            =     -580.175386 Ha
@@ ELECTROSTATIC      =      278.488429 Ha
@@ VXC                =     -140.787391 Ha
@@ EXC                =     -128.609539 Ha
@@ TOTAL ENERGY       =     -360.383735 Ha
@@ estimated error    =        4.00e-07 Ha
Charge density mixing: Pulay

 charge density is NEGATIVE after interpolation, minimum is -9.721232e-04
 minimum charge density with core charge added is -9.712820e-04
 quench: [md:   0/100  scf:  13/500  step time:   1.47  scf time:    18.53 secs  RMS[dV]: 4.55e-05 ]


average potential <V> = -3.25e-16
Davidson converged in 4 steps

FERMI ENERGY =      0.60745017 eV
@@ EIGENVALUE SUM     =      -70.875151 Ha
@@ ION_ION            =     -580.175386 Ha
@@ ELECTROSTATIC      =      278.488967 Ha
@@ VXC                =     -140.787356 Ha
@@ EXC                =     -128.609520 Ha
@@ TOTAL ENERGY       =     -360.383734 Ha
@@ estimated error    =        6.44e-07 Ha
Charge density mixing: Pulay

 charge density is NEGATIVE after interpolation, minimum is -9.722089e-04
 minimum charge density with core charge added is -9.713676e-04
 quench: [md:   0/100  scf:  14/500  step time:   1.01  scf time:    19.54 secs  RMS[dV]: 9.57e-05 ]


average potential <V> = 1.05e-16
Davidson converged in 6 steps

FERMI ENERGY =      0.60753729 eV
@@ EIGENVALUE SUM     =      -70.874904 Ha
@@ ION_ION            =     -580.175386 Ha
@@ ELECTROSTATIC      =      278.488725 Ha
@@ VXC                =     -140.787370 Ha
@@ EXC                =     -128.609538 Ha
@@ TOTAL ENERGY       =     -360.383733 Ha
@@ estimated error    =        2.04e-08 Ha
Charge density mixing: Pulay

 charge density is NEGATIVE after interpolation, minimum is -9.722431e-04
 minimum charge density with core charge added is -9.714018e-04
WriteRestart: Restart file Waves/wave.out opened...
WriteData: total size of each of the 8 files = 5.4 Mb
WriteData: writing took 0.1 seconds, writing speed 77.989 Mbps 
WriteRestart: writing took 0.1 seconds 


KOHN SHAM EIGENVALUES [eV] AT K-POINT [  0]:       0.000000      0.000000      0.000000

[kpt   0  15   0]   -19.0559 [2.000]   -18.5157 [2.000]   -18.4804 [2.000]   -18.4758 [2.000]   -17.6841 [2.000]
[kpt   0  15   1]   -17.6605 [2.000]   -17.5634 [2.000]   -17.5603 [2.000]   -17.5115 [2.000]   -16.5442 [2.000]
[kpt   0  15   2]   -16.5367 [2.000]   -16.4770 [2.000]   -15.7185 [2.000]   -15.7126 [2.000]   -15.6964 [2.000]
[kpt   0  15   3]   -15.6343 [2.000]   -14.5656 [2.000]   -14.4098 [2.000]   -14.4037 [2.000]   -14.3958 [2.000]
[kpt   0  15   4]   -14.2848 [2.000]   -14.0289 [2.000]   -13.9380 [2.000]   -13.9048 [2.000]   -13.8462 [2.000]
[kpt   0  15   5]   -12.4887 [2.000]   -12.4650 [2.000]   -12.4247 [2.000]   -12.4056 [2.000]   -12.3354 [2.000]
[kpt   0  15   6]   -12.2621 [2.000]   -12.1753 [2.000]   -12.1532 [2.000]   -11.1393 [2.000]   -11.1207 [2.000]
[kpt   0  15   7]   -11.0851 [2.000]   -10.2324 [2.000]   -10.2001 [2.000]   -10.1424 [2.000]   -10.1125 [2.000]
[kpt   0  15   8]   -10.0277 [2.000]    -9.9444 [2.000]    -9.9138 [2.000]    -9.8104 [2.000]    -9.6304 [2.000]
[kpt   0  15   9]    -8.4456 [2.000]    -8.3884 [2.000]    -8.3856 [2.000]    -8.3009 [2.000]    -7.7500 [2.000]
[kpt   0  15  10]    -7.6960 [2.000]    -7.6791 [2.000]    -7.6563 [2.000]    -7.6139 [2.000]    -7.4193 [2.000]
[kpt   0  15  11]    -7.3649 [2.000]    -7.3594 [2.000]    -7.1719 [2.000]    -6.7751 [2.000]    -6.7544 [2.000]
[kpt   0  15  12]    -6.7433 [2.000]    -6.1285 [2.000]    -6.0788 [2.000]    -6.0545 [2.000]    -6.0310 [2.000]
[kpt   0  15  13]    -5.8968 [2.000]    -5.8721 [2.000]    -5.8557 [2.000]    -5.7914 [2.000]    -5.7497 [2.000]
[kpt   0  15  14]    -5.6088 [2.000]    -5.5911 [2.000]    -5.5793 [2.000]    -5.5278 [2.000]    -5.5204 [2.000]
[kpt   0  15  15]    -5.2098 [2.000]    -5.1853 [2.000]    -5.1552 [2.000]    -5.1133 [2.000]    -4.9815 [2.000]
[kpt   0  15  16]    -4.9302 [2.000]    -4.9200 [2.000]    -4.8136 [2.000]    -4.8047 [2.000]    -4.7482 [2.000]
[kpt   0  15  17]    -4.4736 [2.000]    -4.4466 [2.000]    -4.4326 [2.000]    -4.3410 [2.000]    -3.8481 [2.000]
[kpt   0  15  18]    -3.6402 [2.000]    -3.4118 [2.000]    -3.3936 [2.000]    -3.3566 [2.000]    -3.3477 [2.000]
[kpt   0  15  19]    -3.3376 [2.000]    -3.3238 [2.000]    -3.2716 [2.000]    -3.2119 [2.000]    -3.0927 [2.000]
[kpt   0  15  20]    -3.0926 [2.000]    -3.0507 [2.000]    -3.0494 [2.000]    -3.0050 [2.000]    -2.9058 [2.000]
[kpt   0  15  21]    -2.8197 [2.000]    -2.2109 [2.000]    -1.8498 [2.000]    -1.7472 [2.000]    -1.5493 [2.000]
[kpt   0  15  22]    -1.5193 [2.000]    -1.3755 [2.000]    -0.9100 [2.000]    -0.9056 [2.000]    -0.8034 [2.000]
[kpt   0  15  23]    -0.5247 [2.000]    -0.3913 [2.000]    -0.2913 [2.000]    -0.2348 [2.000]     0.1895 [2.000]
[kpt   0  15  24]     1.0256 [0.000]     1.3508 [0.000]     1.4759 [0.000]     2.5125 [0.000]     2.7967 [0.000]
[kpt   0  15  25]     3.0903 [0.000]     3.1559 [0.000]     3.2582 [0.000]     3.3665 [0.000]     3.4882 [0.000]




Total charge in supercell =     240.00000000
 quench: [md:   0/100  scf:  15/500  step time:   1.81  scf time:    21.43 secs  RMS[dV]: 1.69e-05 ]


average potential <V> = 1.21e-16
Davidson converged in 5 steps

FERMI ENERGY =      0.60753982 eV
@@ EIGENVALUE SUM     =      -70.875028 Ha
@@ ION_ION            =     -580.175386 Ha
@@ ELECTROSTATIC      =      278.488855 Ha
@@ VXC                =     -140.787365 Ha
@@ EXC                =     -128.609538 Ha
@@ TOTAL ENERGY       =     -360.383733 Ha
@@ estimated error    =        4.60e-09 Ha
Charge density mixing: Pulay

 charge density is NEGATIVE after interpolation, minimum is -9.722729e-04
 minimum charge density with core charge added is -9.714317e-04
 quench: [md:   0/100  scf:  16/500  step time:   1.27  scf time:    22.69 secs  RMS[dV]: 8.69e-06 ]


average potential <V> = -1.15e-16
Davidson converged in 5 steps

FERMI ENERGY =      0.60755667 eV
@@ EIGENVALUE SUM     =      -70.875038 Ha
@@ ION_ION            =     -580.175386 Ha
@@ ELECTROSTATIC      =      278.488868 Ha
@@ VXC                =     -140.787368 Ha
@@ EXC                =     -128.609544 Ha
@@ TOTAL ENERGY       =     -360.383732 Ha
@@ estimated error    =        8.80e-10 Ha
Charge density mixing: Pulay

 charge density is NEGATIVE after interpolation, minimum is -9.722746e-04
 minimum charge density with core charge added is -9.714333e-04
 quench: [md:   0/100  scf:  17/500  step time:   1.50  scf time:    24.19 secs  RMS[dV]: 2.69e-06 ]


average potential <V> = 2.08e-16
Davidson converged in 5 steps

FERMI ENERGY =      0.60754112 eV
@@ EIGENVALUE SUM     =      -70.875025 Ha
@@ ION_ION            =     -580.175386 Ha
@@ ELECTROSTATIC      =      278.488855 Ha
@@ VXC                =     -140.787368 Ha
@@ EXC                =     -128.609544 Ha
@@ TOTAL ENERGY       =     -360.383732 Ha
@@ estimated error    =        1.32e-09 Ha
Charge density mixing: Pulay

 charge density is NEGATIVE after interpolation, minimum is -9.722762e-04
 minimum charge density with core charge added is -9.714349e-04
 quench: [md:   0/100  scf:  18/500  step time:   1.13  scf time:    25.33 secs  RMS[dV]: 4.30e-06 ]


average potential <V> = 3.08e-16
Davidson converged in 5 steps

FERMI ENERGY =      0.60754431 eV
@@ EIGENVALUE SUM     =      -70.875050 Ha
@@ ION_ION            =     -580.175386 Ha
@@ ELECTROSTATIC      =      278.488881 Ha
@@ VXC                =     -140.787366 Ha
@@ EXC                =     -128.609543 Ha
@@ TOTAL ENERGY       =     -360.383732 Ha
@@ estimated error    =        2.10e-10 Ha
Charge density mixing: Pulay

 charge density is NEGATIVE after interpolation, minimum is -9.722776e-04
 minimum charge density with core charge added is -9.714363e-04
 quench: [md:   0/100  scf:  19/500  step time:   1.18  scf time:    26.51 secs  RMS[dV]: 1.76e-06 ]



 Convergence criterion reached: Energy variation (1.33e-11) is lower than threshold (1.00e-10)

potential convergence has been achieved. stopping ...

[   0  20   20       30 ] Quench.cpp: final total energy =    -360.38373212 Ha


KOHN SHAM EIGENVALUES [eV] AT K-POINT [  0]:       0.000000      0.000000      0.000000

[kpt   0  20   0]   -19.0559 [2.000]   -18.5158 [2.000]   -18.4804 [2.000]   -18.4758 [2.000]   -17.6840 [2.000]
[kpt   0  20   1]   -17.6605 [2.000]   -17.5635 [2.000]   -17.5603 [2.000]   -17.5115 [2.000]   -16.5443 [2.000]
[kpt   0  20   2]   -16.5368 [2.000]   -16.4770 [2.000]   -15.7185 [2.000]   -15.7127 [2.000]   -15.6964 [2.000]
[kpt   0  20   3]   -15.6343 [2.000]   -14.5656 [2.000]   -14.4098 [2.000]   -14.4037 [2.000]   -14.3959 [2.000]
[kpt   0  20   4]   -14.2848 [2.000]   -14.0289 [2.000]   -13.9380 [2.000]   -13.9049 [2.000]   -13.8462 [2.000]
[kpt   0  20   5]   -12.4887 [2.000]   -12.4650 [2.000]   -12.4247 [2.000]   -12.4056 [2.000]   -12.3354 [2.000]
[kpt   0  20   6]   -12.2621 [2.000]   -12.1753 [2.000]   -12.1532 [2.000]   -11.1393 [2.000]   -11.1207 [2.000]
[kpt   0  20   7]   -11.0851 [2.000]   -10.2324 [2.000]   -10.2001 [2.000]   -10.1424 [2.000]   -10.1125 [2.000]
[kpt   0  20   8]   -10.0278 [2.000]    -9.9445 [2.000]    -9.9139 [2.000]    -9.8104 [2.000]    -9.6304 [2.000]
[kpt   0  20   9]    -8.4456 [2.000]    -8.3884 [2.000]    -8.3856 [2.000]    -8.3009 [2.000]    -7.7500 [2.000]
[kpt   0  20  10]    -7.6960 [2.000]    -7.6791 [2.000]    -7.6563 [2.000]    -7.6140 [2.000]    -7.4193 [2.000]
[kpt   0  20  11]    -7.3649 [2.000]    -7.3594 [2.000]    -7.1719 [2.000]    -6.7751 [2.000]    -6.7544 [2.000]
[kpt   0  20  12]    -6.7433 [2.000]    -6.1285 [2.000]    -6.0788 [2.000]    -6.0545 [2.000]    -6.0311 [2.000]
[kpt   0  20  13]    -5.8968 [2.000]    -5.8721 [2.000]    -5.8557 [2.000]    -5.7914 [2.000]    -5.7497 [2.000]
[kpt   0  20  14]    -5.6088 [2.000]    -5.5911 [2.000]    -5.5793 [2.000]    -5.5278 [2.000]    -5.5204 [2.000]
[kpt   0  20  15]    -5.2098 [2.000]    -5.1853 [2.000]    -5.1552 [2.000]    -5.1133 [2.000]    -4.9816 [2.000]
[kpt   0  20  16]    -4.9303 [2.000]    -4.9200 [2.000]    -4.8136 [2.000]    -4.8048 [2.000]    -4.7482 [2.000]
[kpt   0  20  17]    -4.4736 [2.000]    -4.4467 [2.000]    -4.4326 [2.000]    -4.3411 [2.000]    -3.8482 [2.000]
[kpt   0  20  18]    -3.6402 [2.000]    -3.4118 [2.000]    -3.3937 [2.000]    -3.3566 [2.000]    -3.3477 [2.000]
[kpt   0  20  19]    -3.3377 [2.000]    -3.3238 [2.000]    -3.2716 [2.000]    -3.2119 [2.000]    -3.0927 [2.000]
[kpt   0  20  20]    -3.0926 [2.000]    -3.0507 [2.000]    -3.0494 [2.000]    -3.0050 [2.000]    -2.9058 [2.000]
[kpt   0  20  21]    -2.8197 [2.000]    -2.2109 [2.000]    -1.8498 [2.000]    -1.7472 [2.000]    -1.5493 [2.000]
[kpt   0  20  22]    -1.5194 [2.000]    -1.3755 [2.000]    -0.9100 [2.000]    -0.9056 [2.000]    -0.8034 [2.000]
[kpt   0  20  23]    -0.5248 [2.000]    -0.3913 [2.000]    -0.2913 [2.000]    -0.2348 [2.000]     0.1895 [2.000]
[kpt   0  20  24]     1.0256 [0.000]     1.3508 [0.000]     1.4759 [0.000]     2.5125 [0.000]     2.7967 [0.000]
[kpt   0  20  25]     3.0903 [0.000]     3.1559 [0.000]     3.2582 [0.000]     3.3664 [0.000]     3.4882 [0.000]




Total charge in supercell =     240.00000000
 volume and energy per atom =        14.40355395       -163.44233837 eV

 Vdd took 0.000237 seconds
WriteRestart: Restart file Waves/wave.out opened...
WriteData: total size of each of the 8 files = 5.4 Mb
WriteData: writing took 0.1 seconds, writing speed 77.913 Mbps 
WriteRestart: writing took 0.1 seconds 



  IONIC POSITIONS [a0] AND FORCES [Ha/a0]
  Charge analysis using: Voronoi Deformation Density

@ION  Ion  Species       X           Y           Z       Charge       FX          FY         FZ      Movable
@ION    1     C     12.3293000   9.9600000  16.2070000    0.005   -0.0033030   0.0001293  -0.0008343  1 1 1
@ION    2     C     14.5363000   9.9600000  14.7857000    0.001    0.0063261   0.0000341   0.0010337  1 1 1
@ION    3     C     10.7313000  12.1732000  16.2251000   -0.008   -0.0013260  -0.0023712   0.0015739  1 1 1
@ION    4     C     11.4083000  14.2893000  14.8251000   -0.001    0.0005742   0.0054580   0.0018246  1 1 1
@ION    5     C      8.1292000  11.3262000  16.2527000    0.002    0.0006692   0.0055507  -0.0013133  1 1 1
@ION    6     C      6.3055000  12.6378000  14.8881000   -0.004   -0.0022187  -0.0016815   0.0053221  1 1 1
@ION    7     C      8.1292000   8.5939000  16.2527000    0.001    0.0003564  -0.0056934  -0.0012277  1 1 1
@ION    8     C      6.3055000   7.2823000  14.8881000   -0.002   -0.0021987   0.0017125   0.0051764  1 1 1
@ION    9     C     10.7313000   7.7469000  16.2251000   -0.004   -0.0013060   0.0022575   0.0019717  1 1 1
@ION   10     C     11.4083000   5.6308000  14.8251000   -0.002    0.0004847  -0.0055797   0.0017932  1 1 1
@ION   11     C     15.2386000  12.1636000  13.3387000    0.004    0.0064795  -0.0040074   0.0012164  1 1 1
@ION   12     C     13.7171000  14.2920000  13.3627000   -0.002   -0.0033600   0.0067166   0.0021080  1 1 1
@ION   13     C     15.2386000   7.7565000  13.3387000   -0.000    0.0065219   0.0038080   0.0010126  1 1 1
@ION   14     C     13.7170000   5.6281000  13.3627000   -0.000   -0.0030986  -0.0065253   0.0021004  1 1 1
@ION   15     C     16.3641000  11.3200000  10.9962000    0.002    0.0017958   0.0026239   0.0060137  1 1 1
@ION   16     C     15.9522000  12.6335000   8.7652000    0.001   -0.0014368   0.0027068   0.0000071  1 1 1
@ION   17     C     16.3641000   8.6000000  10.9962000    0.002    0.0017965  -0.0030664   0.0062231  1 1 1
@ION   18     C     15.9522000   7.2865000   8.7652000    0.002   -0.0017520  -0.0026224   0.0000164  1 1 1
@ION   19     C      9.5141000  15.6398000  13.4036000    0.007    0.0067433   0.0018403   0.0007017  1 1 1
@ION   20     C      7.0138000  14.8435000  13.4390000    0.004   -0.0047822   0.0034637  -0.0010766  1 1 1
@ION   21     C     13.2562000  15.6408000  11.0355000    0.001   -0.0075061   0.0062682   0.0059857  1 1 1
@ION   22     C     14.3583000  14.8445000   8.7869000   -0.006    0.0030925   0.0023692  -0.0047818  1 1 1
@ION   23     C     10.6568000  16.4834000  11.0698000    0.004    0.0084728  -0.0139312   0.0047414  1 1 1
@ION   24     C      9.2629000  16.4836000   8.8500000    0.005   -0.0086779  -0.0139741  -0.0046478  1 1 1
@ION   25     C      4.4102000  11.2728000  13.4751000    0.002   -0.0018549   0.0073905   0.0022778  1 1 1
@ION   26     C      4.4102000   8.6472000  13.4751000   -0.000   -0.0018637  -0.0074948   0.0021606  1 1 1
@ION   27     C      5.5614000  14.8446000  11.1329000   -0.005   -0.0032149   0.0022588   0.0046954  1 1 1
@ION   28     C      6.6634000  15.6411000   8.8843000   -0.001    0.0073880   0.0061124  -0.0061072  1 1 1
@ION   29     C      3.9677000  12.6335000  11.1547000    0.001    0.0017956   0.0029765   0.0002933  1 1 1
@ION   30     C      3.5558000  11.3200000   8.9237000    0.001   -0.0021868   0.0028664  -0.0061858  1 1 1
@ION   31     C      7.0138000   5.0765000  13.4390000    0.000   -0.0046359  -0.0031855  -0.0012468  1 1 1
@ION   32     C      9.5141000   4.2802000  13.4036000    0.005    0.0066251  -0.0019696   0.0007692  1 1 1
@ION   33     C      3.9677000   7.2865000  11.1547000   -0.001    0.0020746  -0.0029123   0.0002804  1 1 1
@ION   34     C      3.5558000   8.6000000   8.9237000    0.003   -0.0022474  -0.0032899  -0.0063712  1 1 1
@ION   35     C      5.5614000   5.0754000  11.1329000   -0.005   -0.0031589  -0.0019460   0.0047683  1 1 1
@ION   36     C      6.6635000   4.2790000   8.8844000    0.001    0.0071662  -0.0061714  -0.0060896  1 1 1
@ION   37     C     10.6568000   3.4367000  11.0698000   -0.004    0.0082896   0.0141040   0.0047782  1 1 1
@ION   38     C      9.2629000   3.4364000   8.8500000   -0.009   -0.0084028   0.0140953  -0.0047853  1 1 1
@ION   39     C     13.2562000   4.2793000  11.0355000   -0.004   -0.0073310  -0.0063212   0.0059311  1 1 1
@ION   40     C     14.3583000   5.0755000   8.7869000   -0.006    0.0030557  -0.0019326  -0.0049364  1 1 1
@ION   41     C     12.9060000  14.8435000   6.4808000    0.005    0.0048929   0.0034606   0.0006581  1 1 1
@ION   42     C     10.4057000  15.6398000   6.5163000    0.005   -0.0069685   0.0020771  -0.0007015  1 1 1
@ION   43     C     15.5097000  11.2728000   6.4447000    0.003    0.0016603   0.0073795  -0.0023190  1 1 1
@ION   44     C     15.5097000   8.6472000   6.4447000   -0.002    0.0016865  -0.0074718  -0.0021303  1 1 1
@ION   45     C     13.6144000  12.6378000   5.0317000   -0.003    0.0025242  -0.0013902  -0.0053701  1 1 1
@ION   46     C     11.7907000  11.3262000   3.6672000    0.003   -0.0009473   0.0055841   0.0014270  1 1 1
@ION   47     C      6.2027000  14.2921000   6.5572000    0.000    0.0034610   0.0065970  -0.0018654  1 1 1
@ION   48     C      4.6813000  12.1636000   6.5812000    0.001   -0.0061411  -0.0035620  -0.0009960  1 1 1
@ION   49     C      8.5115000  14.2892000   5.0948000   -0.002   -0.0006105   0.0054931  -0.0018330  1 1 1
@ION   50     C      9.1885000  12.1732000   3.6948000   -0.006    0.0017405  -0.0025133  -0.0015450  1 1 1
@ION   51     C      4.6813000   7.7564000   6.5812000   -0.000   -0.0062757   0.0034887  -0.0008746  1 1 1
@ION   52     C      6.2027000   5.6279000   6.5572000    0.001    0.0032562  -0.0064783  -0.0018021  1 1 1
@ION   53     C      5.3836000   9.9600000   5.1343000    0.006   -0.0063429   0.0000806  -0.0011250  1 1 1
@ION   54     C      7.5906000   9.9600000   3.7129000    0.000    0.0032084   0.0001121   0.0006939  1 1 1
@ION   55     C     10.4057000   4.2802000   6.5163000    0.003   -0.0068810  -0.0023454  -0.0006598  1 1 1
@ION   56     C     12.9060000   5.0765000   6.4808000    0.001    0.0048665  -0.0032197   0.0009379  1 1 1
@ION   57     C      8.5115000   5.6308000   5.0948000   -0.006   -0.0005197  -0.0056282  -0.0017281  1 1 1
@ION   58     C      9.1885000   7.7468000   3.6948000   -0.002    0.0015402   0.0024967  -0.0020696  1 1 1
@ION   59     C     13.6144000   7.2823000   5.0317000   -0.000    0.0025193   0.0014370  -0.0052788  1 1 1
@ION   60     C     11.7907000   8.5939000   3.6672000    0.004   -0.0005146  -0.0056643   0.0014089  1 1 1

 mean FX      =   0.00370212 Ha/a0
 mean FY      =   0.00443163 Ha/a0
 mean FZ      =   0.00266341 Ha/a0

 max FX       =   0.00867791 Ha/a0   (ion 24)
 max FY       =   0.01410401 Ha/a0   (ion 37)
 max FZ       =   0.00637121 Ha/a0   (ion 34)
 max F[x,y,z] =   0.01410401 Ha/a0
 max |F|      =   0.01709336 Ha/a0   (ion 24)

WriteRestart: Restart file Waves/wave.out opened...
WriteData: total size of each of the 8 files = 5.4 Mb
WriteData: writing took 0.1 seconds, writing speed 77.620 Mbps 
WriteRestart: writing took 0.1 seconds 


--------TIMING INFORMATION FOR Processor owned the most atoms----------------
                                        Total time               Per SCF/step

1-TOTAL                                            31.68                1.58
-----------------------------------------------------------------------------
  1-TOTAL: Init                                     3.69                0.18
  1-TOTAL: run                                     27.99                1.40
  ---------------------------------------------------------------------------
    1-TOTAL: run: Force                             1.01                0.05
    1-TOTAL: run: Scf steps                        25.95                1.30

2-Force                                             1.01                0.05
-----------------------------------------------------------------------------
  2-Force: core correction                          0.18                0.01
  2-Force: corrections                              0.26                0.01
  2-Force: ion-ion                                  0.00                0.00
  2-Force: local                                    0.36                0.02
  2-Force: non-local                                0.21                0.01
  2-Force: non-local-betaxpsi                       0.15                0.01
  2-Force: non-local-get gamma                      0.00                0.00
  2-Force: non-local-nlforce_par_Q                  0.00                0.00
  2-Force: non-local-nlforce_par_gamma              0.00                0.00
  2-Force: non-local-nlforce_par_omega              0.00                0.00
  2-Force: non-local-partial gamma                  0.00                0.00
  2-Force: non-local-veff grad                      0.00                0.00

2-Init                                              3.69                0.18
-----------------------------------------------------------------------------
  2-Init: GetNewRho                                 0.02                0.00
  2-Init: KpointClass                               0.49                0.02
  2-Init: LcaoGetPsi                                0.23                0.01
  2-Init: LcaoGetRho                                0.20                0.01
  2-Init: ReinitIonicPotentials                     1.03                0.05
  2-Init: betaxpsi                                  0.14                0.01
  2-Init: exchange/correlation                      0.06                0.00
  2-Init: hartree                                   0.02                0.00
  2-Init: normalization                             0.01                0.00
  2-Init: radial potentials                         1.12                0.06
  2-Init: subdiag                                   0.30                0.01
  2-Init: weights                                   0.01                0.00

2-Scf steps                                        25.95                1.30
-----------------------------------------------------------------------------
  2-Scf steps: Davidson                            20.26                1.01
  2-Scf steps: GetNewRho                            0.32                0.02
  2-Scf steps: Hartree                              0.47                0.02
  2-Scf steps: MgridSubspace                        3.48                0.17
  2-Scf steps: MixRho                               0.02                0.00
  2-Scf steps: exchange/correlation                 1.13                0.06

3-MgridSubspace                                     3.48                0.17
-----------------------------------------------------------------------------
  3-MgridSubspace: AppNls                           0.35                0.02
  3-MgridSubspace: Beta x psi                       0.94                0.05
  3-MgridSubspace: Diagonalization                  0.56                0.03
  3-MgridSubspace: Mg_eig                           1.62                0.08

3-ReinitIonicPotentials                             1.03                0.05
-----------------------------------------------------------------------------
  3-ReinitIonicPotentials: GetNlop                  0.05                0.00
  3-ReinitIonicPotentials: GetWeight                0.46                0.02
  3-ReinitIonicPotentials: get_QI                   0.00                0.00
  3-ReinitIonicPotentials: get_qqq                  0.00                0.00
  3-ReinitIonicPotentials: init_nuc                 0.52                0.03

4-Diagonalization                                   0.86                0.04
-----------------------------------------------------------------------------
  4-Diagonalization: AppNls                         0.25                0.01
  4-Diagonalization: Eigensolver                    0.05                0.00
  4-Diagonalization: MPI_Bcast                      0.00                0.00
  4-Diagonalization: PDSYGVX/PZHEGVX                0.04                0.00
  4-Diagonalization: Update orbitals                0.11                0.01
  4-Diagonalization: apply operators                0.44                0.02
  4-Diagonalization: distribute matrices.           0.00                0.00
  4-Diagonalization: matrix setup/reduce            0.26                0.01
  4-Diagonalization: scalapack                      0.05                0.00

5-Functional                                        1.18                0.06
-----------------------------------------------------------------------------
  5-Functional: apply gradient                      0.12                0.01
  5-Functional: apply laplacian                     0.03                0.00
  5-Functional: libxc                               0.72                0.04
  5-Functional: vxc                                 1.18                0.06
  5-Functional: vxc grad                            0.88                0.04
  5-Functional: vxc local                           0.27                0.01
  5-Functional: vxc nonlocal                        0.00                0.00

6-Davidson                                         20.26                1.01
-----------------------------------------------------------------------------
  6-Davidson: Betaxpsi                              3.78                0.19
  6-Davidson: apply hamiltonian                     4.20                0.21
  6-Davidson: diagonalization                       1.86                0.09
  6-Davidson: generate residuals                    1.60                0.08
  6-Davidson: matrix setup/reduce                   3.21                0.16
  6-Davidson: normalization                         0.16                0.01
  6-Davidson: precondition                          4.56                0.23
  6-Davidson: refresh h_psi and s_psi               0.10                0.00
  6-Davidson: reset hr,sr,vr                        0.00                0.00
  6-Davidson: rotate orbitals                       0.63                0.03

AppNls                                              2.90                0.15
-----------------------------------------------------------------------------
  AppNls: data_rearrange                            0.02                0.00
  ---------------------------------------------------------------------------
    AppNls: data_rearrange: alloc and zeros           0.00                0.00
    AppNls: data_rearrange: dnm                     0.00                0.00
    AppNls: data_rearrange: sint                    0.02                0.00
  AppNls: nv                                        2.79                0.14
  AppNls: nv_work                                   0.01                0.00

App_gradient                                        0.19                0.01

GlobalSums                                          0.13                0.01

Init                                                3.20                0.16

Init Voronoi                                        0.26                0.01

Mix rho                                             0.02                0.00
-----------------------------------------------------------------------------
  Mix rho: Linear                                   0.00                0.00
  Mix rho: Pulay                                    0.02                0.00

Orbital                                             0.00                0.00
-----------------------------------------------------------------------------
  Orbital: phase and set                            0.00                0.00
  Orbital: proj cal                                 0.00                0.00

VhPfft                                              0.47                0.02

Weight                                              0.01                0.00
-----------------------------------------------------------------------------
  Weight: bcast                                     0.01                0.00
  Weight: phase and set                             0.00                0.00
  Weight: proj cal                                  0.00                0.00

radial beta                                         0.10                0.00

weight fft_forward                                  0.00                0.00

weight fft_nldim                                    0.00                0.00

weight fold                                         0.00                0.00


------------------------- TIMING INFORMATION FOR THREADS  -------------------

                                           Min            Max            Avg
GlobalSums                               0.14           0.14           0.14
-----------------------------------------------------------------------------

Mg_eig                                   1.61           1.61           1.61
-----------------------------------------------------------------------------
  Mg_eig: apply hamiltonian              0.84           0.84           0.84
  Mg_eig: mgrid_solv                     0.50           0.50           0.50
